<?xml version="1.0" encoding="UTF-8"?>
<testsuite xmlns:xsi="http://www.w3.org/2001/XMLSchema-instance" xsi:noNamespaceSchemaLocation="https://maven.apache.org/surefire/maven-surefire-plugin/xsd/surefire-test-report-3.0.xsd" version="3.0" name="org.mal_lang.examplelang.test.TestExampleLang" time="0.003" tests="3" errors="0" skipped="0" failures="0">
  <properties>
[...]
</properties>
  <testcase name="testNoNetwork" classname="org.mal_lang.examplelang.test.TestExampleLang" time="0"/>
  <testcase name="testAccess" classname="org.mal_lang.examplelang.test.TestExampleLang" time="0"/>
  <testcase name="testNoPassword" classname="org.mal_lang.examplelang.test.TestExampleLang" time="0.003"/>
</testsuite>